<?xml version="1.0" encoding="UTF-8"?>
<!-- Generated by org.testng.reporters.JUnitReportReporter -->
<testsuite skipped="0" hostname="TIPS" name="test.AddingCategoryTest" tests="3" failures="0" timestamp="2022-03-02T13:09:31 CST" time="10.320" errors="0">
  <testcase name="validateUserIsableToAddCategoryAndItisDisplayed" time="3.057" classname="test.AddingCategoryTest"/>
  <system-out/>
  <testcase name="validAddCategoryAlreadyExists" time="4.538" classname="test.AddingCategoryTest"/>
  <system-out/>
  <testcase name="validateAllOptionsFromMonthDropDown" time="2.725" classname="test.AddingCategoryTest"/>
  <system-out/>
</testsuite> <!-- test.AddingCategoryTest -->
